<?xml version="1.0" encoding="UTF-8"?>
<!-- Generated by org.testng.reporters.JUnitXMLReporter -->
<testsuite ignored="0" hostname="Nithia" failures="0" tests="3" name="Default test" time="5.277" errors="0" timestamp="2024-04-15T14:23:42 CDT">
  <testcase classname="com.CRM.TestCases.HomePageTest" name="VerifyUrl" time="0.014"/>
  <testcase classname="com.CRM.TestCases.HomePageTest" name="VerifyTitle" time="0.01"/>
  <testcase classname="com.CRM.TestCases.HomePageTest" name="VerifySignIn" time="0.161"/>
</testsuite> <!-- Default test -->
