<?xml version="1.0" encoding="UTF-8"?>
<!-- Generated by org.testng.reporters.JUnitXMLReporter -->
<testsuite ignored="0" hostname="Nithia" failures="0" tests="3" name="Test" time="5.067" errors="0" timestamp="2024-04-16T11:41:33 CDT">
  <testcase classname="com.CRM.TestCases.HomePageTest" name="VerifyUrl" time="0.015"/>
  <testcase classname="com.CRM.TestCases.HomePageTest" name="VerifyTitle" time="0.01"/>
  <testcase classname="com.CRM.TestCases.HomePageTest" name="VerifySignIn" time="0.216"/>
</testsuite> <!-- Test -->
