<?xml version="1.0" encoding="UTF-8"?>
<testng-results ignored="0" total="3" passed="3" failed="0" skipped="0">
  <reporter-output>
  </reporter-output>
  <suite started-at="2024-04-15T14:23:37 CDT" name="Default suite" finished-at="2024-04-15T14:23:42 CDT" duration-ms="5277">
    <groups>
    </groups>
    <test started-at="2024-04-15T14:23:37 CDT" name="Default test" finished-at="2024-04-15T14:23:42 CDT" duration-ms="5277">
      <class name="com.CRM.TestCases.HomePageTest">
        <test-method is-config="true" signature="setUp()[pri:0, instance:com.CRM.TestCases.HomePageTest@3349e9bb]" started-at="2024-04-15T14:23:37 CDT" name="setUp" finished-at="2024-04-15T14:23:42 CDT" duration-ms="5044" status="PASS">
          <reporter-output>
          </reporter-output>
        </test-method> <!-- setUp -->
        <test-method signature="VerifyUrl()[pri:1, instance:com.CRM.TestCases.HomePageTest@3349e9bb]" started-at="2024-04-15T14:23:42 CDT" name="VerifyUrl" finished-at="2024-04-15T14:23:42 CDT" duration-ms="14" status="PASS">
          <reporter-output>
          </reporter-output>
        </test-method> <!-- VerifyUrl -->
        <test-method signature="VerifyTitle()[pri:2, instance:com.CRM.TestCases.HomePageTest@3349e9bb]" started-at="2024-04-15T14:23:42 CDT" name="VerifyTitle" finished-at="2024-04-15T14:23:42 CDT" duration-ms="10" status="PASS">
          <reporter-output>
          </reporter-output>
        </test-method> <!-- VerifyTitle -->
        <test-method signature="VerifySignIn()[pri:3, instance:com.CRM.TestCases.HomePageTest@3349e9bb]" started-at="2024-04-15T14:23:42 CDT" name="VerifySignIn" finished-at="2024-04-15T14:23:42 CDT" duration-ms="161" status="PASS">
          <reporter-output>
          </reporter-output>
        </test-method> <!-- VerifySignIn -->
      </class> <!-- com.CRM.TestCases.HomePageTest -->
    </test> <!-- Default test -->
  </suite> <!-- Default suite -->
</testng-results>
